<?xml version="1.0" encoding="utf-8"?><testsuites name="pytest tests"><testsuite name="pytest" errors="0" failures="0" skipped="0" tests="13" time="2.654" timestamp="2026-09-12T01:10:27.744702+00:00" hostname="agent-env-e27756f4-be19-4333-96dc-5b49b6d1a3d2"><testcase classname="tests.backend_test" name="test_root" time="0.295" /><testcase classname="tests.backend_test" name="test_ruangan_13" time="0.075" /><testcase classname="tests.backend_test" name="test_pegawai_list_seed" time="0.062" /><testcase classname="tests.backend_test" name="test_pegawai_create_and_duplicate_nip" time="0.261" /><testcase classname="tests.backend_test" name="test_pegawai_import_parse_xlsx" time="0.136" /><testcase classname="tests.backend_test" name="test_jadwal_list_seed" time="0.066" /><testcase classname="tests.backend_test" name="test_conflict_blocks_create" time="0.156" /><testcase classname="tests.backend_test" name="test_conflict_check_endpoint" time="0.174" /><testcase classname="tests.backend_test" name="test_jadwal_create_approve_delete" time="0.391" /><testcase classname="tests.backend_test" name="test_jadwal_reject" time="0.280" /><testcase classname="tests.backend_test" name="test_jadwal_import_parse_docx" time="0.103" /><testcase classname="tests.backend_test" name="test_jadwal_import_parse_pdf" time="0.094" /><testcase classname="tests.backend_test" name="test_dashboard_today" time="0.068" /></testsuite></testsuites>